app/build/intermediates/manifest_merge_blame_file/debug/manifest-merger-blame-debug-report.txt
1<?xml version="1.0" encoding="utf-8"?>
2<manifest xmlns:android="http://schemas.android.com/apk/res/android"
3    package="com.example.name_jhondoe_1234"
4    android:versionCode="1"
5    android:versionName="1.0" >
6
7    <uses-sdk
8        android:minSdkVersion="23"
8-->src\main\AndroidManifest.xml
9        android:targetSdkVersion="32" />
9-->src\main\AndroidManifest.xml
10
11    <uses-permission android:name="android.permission.INTERNET" />
11-->src\main\AndroidManifest.xml:5:5-67
11-->src\main\AndroidManifest.xml:5:22-64
12    <uses-permission android:name="android.permission.ACCESS_COARSE_LOCATION" />
12-->src\main\AndroidManifest.xml:6:5-81
12-->src\main\AndroidManifest.xml:6:22-78
13    <uses-permission android:name="android.permission.ACCESS_FINE_LOCATION" />
13-->src\main\AndroidManifest.xml:7:5-79
13-->src\main\AndroidManifest.xml:7:22-76
14    <uses-permission android:name="android.permission.ACCESS_BACKGROUND_LOCATION" />
14-->src\main\AndroidManifest.xml:8:5-85
14-->src\main\AndroidManifest.xml:8:22-82
15
16    <!-- Include required permissions for Google Maps API to run. -->
17    <uses-permission android:name="android.permission.ACCESS_NETWORK_STATE" />
17-->[com.google.android.gms:play-services-maps:17.0.0] AndroidManifest.xml:23:5-79
17-->[com.google.android.gms:play-services-maps:17.0.0] AndroidManifest.xml:23:22-76
18
19    <uses-feature
19-->[com.google.android.gms:play-services-maps:17.0.0] AndroidManifest.xml:26:5-28:35
20        android:glEsVersion="0x00020000"
20-->[com.google.android.gms:play-services-maps:17.0.0] AndroidManifest.xml:27:9-41
21        android:required="true" />
21-->[com.google.android.gms:play-services-maps:17.0.0] AndroidManifest.xml:28:9-32
22
23    <application
23-->src\main\AndroidManifest.xml:10:5-42:19
24        android:allowBackup="true"
24-->src\main\AndroidManifest.xml:11:9-35
25        android:appComponentFactory="androidx.core.app.CoreComponentFactory"
25-->[androidx.core:core:1.7.0] AndroidManifest.xml:24:18-86
26        android:debuggable="true"
27        android:extractNativeLibs="false"
28        android:icon="@mipmap/ic_launcher"
28-->src\main\AndroidManifest.xml:12:9-43
29        android:label="@string/app_name"
29-->src\main\AndroidManifest.xml:13:9-41
30        android:roundIcon="@mipmap/ic_launcher_round"
30-->src\main\AndroidManifest.xml:14:9-54
31        android:supportsRtl="true"
31-->src\main\AndroidManifest.xml:15:9-35
32        android:testOnly="true"
33        android:theme="@style/Theme.Name_jhonDoe_1234"
33-->src\main\AndroidManifest.xml:16:9-55
34        android:usesCleartextTraffic="true" >
34-->src\main\AndroidManifest.xml:17:9-44
35        <activity
35-->src\main\AndroidManifest.xml:18:9-20:40
36            android:name="com.example.name_jhondoe_1234.Activity.EventDetailsActivity"
36-->src\main\AndroidManifest.xml:19:13-58
37            android:exported="false" />
37-->src\main\AndroidManifest.xml:20:13-37
38        <activity
38-->src\main\AndroidManifest.xml:21:9-23:40
39            android:name="com.example.name_jhondoe_1234.Activity.PlannerActivity"
39-->src\main\AndroidManifest.xml:22:13-53
40            android:exported="false" />
40-->src\main\AndroidManifest.xml:23:13-37
41        <activity
41-->src\main\AndroidManifest.xml:24:9-26:39
42            android:name="com.example.name_jhondoe_1234.Activity.RoadWorksDetails"
42-->src\main\AndroidManifest.xml:25:13-54
43            android:exported="true" />
43-->src\main\AndroidManifest.xml:26:13-36
44        <activity android:name="com.example.name_jhondoe_1234.Activity.EventLocationActivity" />
44-->src\main\AndroidManifest.xml:27:9-68
44-->src\main\AndroidManifest.xml:27:19-65
45        <activity
45-->src\main\AndroidManifest.xml:28:9-37:20
46            android:name="com.example.name_jhondoe_1234.Activity.MainActivity"
46-->src\main\AndroidManifest.xml:29:13-50
47            android:configChanges="orientation|screenSize"
47-->src\main\AndroidManifest.xml:30:13-59
48            android:exported="true" >
48-->src\main\AndroidManifest.xml:31:13-36
49            <intent-filter>
49-->src\main\AndroidManifest.xml:32:13-36:29
50                <action android:name="android.intent.action.MAIN" />
50-->src\main\AndroidManifest.xml:33:17-69
50-->src\main\AndroidManifest.xml:33:25-66
51
52                <category android:name="android.intent.category.LAUNCHER" />
52-->src\main\AndroidManifest.xml:35:17-77
52-->src\main\AndroidManifest.xml:35:27-74
53            </intent-filter>
54        </activity>
55
56        <meta-data
56-->src\main\AndroidManifest.xml:39:9-41:71
57            android:name="com.google.android.maps.v2.API_KEY"
57-->src\main\AndroidManifest.xml:40:13-62
58            android:value="AIzaSyDNAcz60uD06ms4iq1lHv77BDtJJ41ECYs" />
58-->src\main\AndroidManifest.xml:41:13-68
59        <!-- Needs to be explicitly declared on P+ -->
60        <uses-library
60-->[com.google.android.gms:play-services-maps:17.0.0] AndroidManifest.xml:33:9-35:40
61            android:name="org.apache.http.legacy"
61-->[com.google.android.gms:play-services-maps:17.0.0] AndroidManifest.xml:34:13-50
62            android:required="false" />
62-->[com.google.android.gms:play-services-maps:17.0.0] AndroidManifest.xml:35:13-37
63
64        <activity
64-->[com.google.android.gms:play-services-base:17.3.0] AndroidManifest.xml:23:9-26:75
65            android:name="com.google.android.gms.common.api.GoogleApiActivity"
65-->[com.google.android.gms:play-services-base:17.3.0] AndroidManifest.xml:24:13-79
66            android:exported="false"
66-->[com.google.android.gms:play-services-base:17.3.0] AndroidManifest.xml:25:13-37
67            android:theme="@android:style/Theme.Translucent.NoTitleBar" />
67-->[com.google.android.gms:play-services-base:17.3.0] AndroidManifest.xml:26:13-72
68
69        <meta-data
69-->[com.google.android.gms:play-services-basement:17.3.0] AndroidManifest.xml:23:9-25:69
70            android:name="com.google.android.gms.version"
70-->[com.google.android.gms:play-services-basement:17.3.0] AndroidManifest.xml:24:13-58
71            android:value="@integer/google_play_services_version" />
71-->[com.google.android.gms:play-services-basement:17.3.0] AndroidManifest.xml:25:13-66
72
73        <provider
73-->[androidx.emoji2:emoji2:1.0.0] AndroidManifest.xml:26:9-34:20
74            android:name="androidx.startup.InitializationProvider"
74-->[androidx.emoji2:emoji2:1.0.0] AndroidManifest.xml:27:13-67
75            android:authorities="com.example.name_jhondoe_1234.androidx-startup"
75-->[androidx.emoji2:emoji2:1.0.0] AndroidManifest.xml:28:13-68
76            android:exported="false" >
76-->[androidx.emoji2:emoji2:1.0.0] AndroidManifest.xml:29:13-37
77            <meta-data
77-->[androidx.emoji2:emoji2:1.0.0] AndroidManifest.xml:31:13-33:52
78                android:name="androidx.emoji2.text.EmojiCompatInitializer"
78-->[androidx.emoji2:emoji2:1.0.0] AndroidManifest.xml:32:17-75
79                android:value="androidx.startup" />
79-->[androidx.emoji2:emoji2:1.0.0] AndroidManifest.xml:33:17-49
80            <meta-data
80-->[androidx.lifecycle:lifecycle-process:2.4.0] AndroidManifest.xml:31:13-33:52
81                android:name="androidx.lifecycle.ProcessLifecycleInitializer"
81-->[androidx.lifecycle:lifecycle-process:2.4.0] AndroidManifest.xml:32:17-78
82                android:value="androidx.startup" />
82-->[androidx.lifecycle:lifecycle-process:2.4.0] AndroidManifest.xml:33:17-49
83        </provider>
84    </application>
85
86</manifest>